<?xml version="1.0" encoding="UTF-8"?>
<!-- Generated by org.testng.reporters.JUnitReportReporter -->
<testsuite hostname="LAPTOP-Abhi" failures="0" tests="4" name="runnerFiles.runnerfile" time="52.111" errors="0" timestamp="2024-05-02T20:55:41 IST" skipped="0">
  <testcase classname="runnerFiles.runnerfile" name="runScenario" time="7.841"/>
  <testcase classname="runnerFiles.runnerfile" name="runScenario" time="14.651"/>
  <testcase classname="runnerFiles.runnerfile" name="runScenario" time="15.662"/>
  <testcase classname="runnerFiles.runnerfile" name="runScenario" time="13.957"/>
</testsuite> <!-- runnerFiles.runnerfile -->
