<?xml version="1.0" encoding="UTF-8"?>
<!-- Generated by org.testng.reporters.JUnitReportReporter -->
<testsuite hostname="LAPTOP-Abhi" failures="0" tests="1" name="RunnerFiles.FailedRunnerTests" time="7.208" errors="0" timestamp="2024-05-05T15:25:00 IST" skipped="0">
  <testcase classname="RunnerFiles.FailedRunnerTests" name="runScenario" time="7.208"/>
</testsuite> <!-- RunnerFiles.FailedRunnerTests -->
