<?xml version="1.0" encoding="UTF-8"?>
<!-- Generated by org.testng.reporters.JUnitReportReporter -->
<testsuite hostname="LAPTOP-Abhi" failures="0" tests="1" name="RunnerFiles.CucumberRunnerTests" time="8.043" errors="0" timestamp="2024-05-05T15:25:00 IST" skipped="0">
  <testcase classname="RunnerFiles.CucumberRunnerTests" name="runScenario" time="8.043"/>
</testsuite> <!-- RunnerFiles.CucumberRunnerTests -->
