<?xml version="1.0" encoding="UTF-8"?>
<!-- Generated by org.testng.reporters.JUnitReportReporter -->
<testsuite hostname="LAPTOP-Abhi" failures="0" tests="4" name="runnerFiles.runnerfile" time="31.318" errors="0" timestamp="2024-05-02T20:53:08 IST" skipped="0">
  <testcase classname="runnerFiles.runnerfile" name="runScenario" time="8.058"/>
  <testcase classname="runnerFiles.runnerfile" name="runScenario" time="7.307"/>
  <testcase classname="runnerFiles.runnerfile" name="runScenario" time="7.604"/>
  <testcase classname="runnerFiles.runnerfile" name="runScenario" time="8.349"/>
</testsuite> <!-- runnerFiles.runnerfile -->
